<?xml version="1.0" encoding="UTF-8"?>
<coverage generated="1780674658550" clover="3.2.0">
  <project timestamp="1780674658550" name="All files">
    <metrics statements="125" coveredstatements="98" conditionals="80" coveredconditionals="64" methods="35" coveredmethods="26" elements="240" coveredelements="188" complexity="0" loc="125" ncloc="125" packages="1" files="2" classes="2"/>
    <file name="App.css" path="/home/hisham/stumble-clone/ui/src/components/App.css">
      <metrics statements="0" coveredstatements="0" conditionals="0" coveredconditionals="0" methods="0" coveredmethods="0"/>
    </file>
    <file name="App.tsx" path="/home/hisham/stumble-clone/ui/src/components/App.tsx">
      <metrics statements="125" coveredstatements="98" conditionals="80" coveredconditionals="64" methods="35" coveredmethods="26"/>
      <line num="21" count="3" type="stmt"/>
      <line num="22" count="3" type="stmt"/>
      <line num="24" count="3" type="stmt"/>
      <line num="32" count="0" type="cond" truecount="0" falsecount="2"/>
      <line num="33" count="0" type="stmt"/>
      <line num="34" count="0" type="stmt"/>
      <line num="36" count="0" type="stmt"/>
      <line num="37" count="0" type="stmt"/>
      <line num="40" count="3" type="stmt"/>
      <line num="41" count="3" type="stmt"/>
      <line num="44" count="12" type="stmt"/>
      <line num="45" count="12" type="stmt"/>
      <line num="46" count="12" type="cond" truecount="1" falsecount="1"/>
      <line num="47" count="0" type="stmt"/>
      <line num="51" count="1" type="stmt"/>
      <line num="55" count="11" type="stmt"/>
      <line num="56" count="11" type="stmt"/>
      <line num="57" count="11" type="cond" truecount="2" falsecount="0"/>
      <line num="58" count="0" type="stmt"/>
      <line num="62" count="2" type="stmt"/>
      <line num="68" count="34" type="stmt"/>
      <line num="69" count="34" type="stmt"/>
      <line num="70" count="34" type="stmt"/>
      <line num="71" count="34" type="stmt"/>
      <line num="72" count="34" type="stmt"/>
      <line num="73" count="34" type="stmt"/>
      <line num="74" count="34" type="stmt"/>
      <line num="75" count="34" type="stmt"/>
      <line num="76" count="34" type="stmt"/>
      <line num="77" count="34" type="stmt"/>
      <line num="78" count="34" type="stmt"/>
      <line num="79" count="34" type="stmt"/>
      <line num="80" count="34" type="stmt"/>
      <line num="81" count="11" type="stmt"/>
      <line num="83" count="34" type="stmt"/>
      <line num="84" count="34" type="stmt"/>
      <line num="86" count="34" type="cond" truecount="2" falsecount="0"/>
      <line num="88" count="34" type="stmt"/>
      <line num="89" count="12" type="stmt"/>
      <line num="90" count="12" type="cond" truecount="2" falsecount="0"/>
      <line num="93" count="34" type="stmt"/>
      <line num="94" count="22" type="cond" truecount="2" falsecount="0"/>
      <line num="95" count="4" type="stmt"/>
      <line num="96" count="4" type="stmt"/>
      <line num="100" count="34" type="stmt"/>
      <line num="101" count="4" type="stmt"/>
      <line num="102" count="4" type="stmt"/>
      <line num="103" count="0" type="cond" truecount="0" falsecount="2"/>
      <line num="104" count="0" type="stmt"/>
      <line num="109" count="34" type="stmt"/>
      <line num="110" count="7" type="stmt"/>
      <line num="111" count="7" type="stmt"/>
      <line num="112" count="7" type="stmt"/>
      <line num="113" count="7" type="stmt"/>
      <line num="114" count="7" type="stmt"/>
      <line num="115" count="7" type="stmt"/>
      <line num="116" count="7" type="stmt"/>
      <line num="118" count="7" type="stmt"/>
      <line num="119" count="7" type="cond" truecount="1" falsecount="1"/>
      <line num="120" count="0" type="stmt"/>
      <line num="121" count="0" type="stmt"/>
      <line num="122" count="0" type="stmt"/>
      <line num="124" count="7" type="stmt"/>
      <line num="125" count="6" type="cond" truecount="2" falsecount="0"/>
      <line num="126" count="4" type="stmt"/>
      <line num="127" count="4" type="stmt"/>
      <line num="129" count="4" type="stmt"/>
      <line num="130" count="4" type="stmt"/>
      <line num="132" count="3" type="cond" truecount="1" falsecount="1"/>
      <line num="134" count="7" type="stmt"/>
      <line num="138" count="34" type="stmt"/>
      <line num="139" count="13" type="stmt"/>
      <line num="142" count="34" type="stmt"/>
      <line num="143" count="0" type="stmt"/>
      <line num="144" count="0" type="stmt"/>
      <line num="145" count="0" type="stmt"/>
      <line num="146" count="0" type="stmt"/>
      <line num="149" count="34" type="stmt"/>
      <line num="150" count="1" type="cond" truecount="1" falsecount="1"/>
      <line num="151" count="1" type="stmt"/>
      <line num="152" count="1" type="stmt"/>
      <line num="153" count="1" type="cond" truecount="1" falsecount="1"/>
      <line num="154" count="1" type="stmt"/>
      <line num="160" count="1" type="stmt"/>
      <line num="161" count="1" type="stmt"/>
      <line num="162" count="1" type="stmt"/>
      <line num="163" count="1" type="stmt"/>
      <line num="164" count="1" type="stmt"/>
      <line num="166" count="0" type="stmt"/>
      <line num="168" count="1" type="stmt"/>
      <line num="172" count="34" type="stmt"/>
      <line num="173" count="1" type="cond" truecount="1" falsecount="1"/>
      <line num="174" count="1" type="cond" truecount="1" falsecount="1"/>
      <line num="175" count="0" type="stmt"/>
      <line num="176" count="0" type="stmt"/>
      <line num="177" count="0" type="stmt"/>
      <line num="179" count="1" type="stmt"/>
      <line num="180" count="1" type="stmt"/>
      <line num="181" count="1" type="stmt"/>
      <line num="182" count="1" type="stmt"/>
      <line num="186" count="34" type="stmt"/>
      <line num="187" count="1" type="stmt"/>
      <line num="188" count="1" type="stmt"/>
      <line num="189" count="1" type="stmt"/>
      <line num="192" count="34" type="stmt"/>
      <line num="193" count="0" type="stmt"/>
      <line num="196" count="34" type="stmt"/>
      <line num="197" count="0" type="stmt"/>
      <line num="198" count="0" type="stmt"/>
      <line num="199" count="0" type="stmt"/>
      <line num="202" count="34" type="stmt"/>
      <line num="203" count="0" type="stmt"/>
      <line num="204" count="0" type="stmt"/>
      <line num="207" count="34" type="stmt"/>
      <line num="208" count="11" type="stmt"/>
      <line num="211" count="34" type="stmt"/>
      <line num="216" count="1" type="stmt"/>
      <line num="226" count="2" type="stmt"/>
      <line num="288" count="1" type="cond" truecount="4" falsecount="0"/>
      <line num="289" count="0" type="cond" truecount="3" falsecount="1"/>
      <line num="302" count="2" type="stmt"/>
      <line num="312" count="1" type="stmt"/>
      <line num="324" count="1" type="stmt"/>
      <line num="334" count="1" type="stmt"/>
      <line num="336" count="1" type="stmt"/>
    </file>
  </project>
</coverage>
