{"/home/hisham/stumble-clone/ui/src/components/App.css": {"path":"/home/hisham/stumble-clone/ui/src/components/App.css","statementMap":{},"fnMap":{},"branchMap":{},"s":{},"f":{},"b":{},"meta":{"lastBranch":0,"lastFunction":0,"lastStatement":0,"seen":{}}}
,"/home/hisham/stumble-clone/ui/src/components/App.tsx": {"path":"/home/hisham/stumble-clone/ui/src/components/App.tsx","statementMap":{"0":{"start":{"line":21,"column":17},"end":{"line":21,"column":null}},"1":{"start":{"line":22,"column":18},"end":{"line":22,"column":null}},"2":{"start":{"line":24,"column":62},"end":{"line":29,"column":null}},"3":{"start":{"line":32,"column":2},"end":{"line":35,"column":null}},"4":{"start":{"line":33,"column":16},"end":{"line":33,"column":null}},"5":{"start":{"line":34,"column":4},"end":{"line":34,"column":null}},"6":{"start":{"line":36,"column":15},"end":{"line":36,"column":null}},"7":{"start":{"line":37,"column":2},"end":{"line":37,"column":null}},"8":{"start":{"line":40,"column":20},"end":{"line":40,"column":null}},"9":{"start":{"line":41,"column":22},"end":{"line":41,"column":null}},"10":{"start":{"line":44,"column":2},"end":{"line":47,"column":null}},"11":{"start":{"line":45,"column":16},"end":{"line":45,"column":null}},"12":{"start":{"line":46,"column":4},"end":{"line":46,"column":null}},"13":{"start":{"line":47,"column":12},"end":{"line":47,"column":23}},"14":{"start":{"line":51,"column":2},"end":{"line":51,"column":null}},"15":{"start":{"line":55,"column":2},"end":{"line":58,"column":null}},"16":{"start":{"line":56,"column":16},"end":{"line":56,"column":null}},"17":{"start":{"line":57,"column":4},"end":{"line":57,"column":null}},"18":{"start":{"line":58,"column":12},"end":{"line":58,"column":23}},"19":{"start":{"line":62,"column":2},"end":{"line":62,"column":null}},"20":{"start":{"line":68,"column":18},"end":{"line":68,"column":null}},"21":{"start":{"line":69,"column":18},"end":{"line":69,"column":null}},"22":{"start":{"line":70,"column":16},"end":{"line":70,"column":null}},"23":{"start":{"line":71,"column":21},"end":{"line":71,"column":null}},"24":{"start":{"line":72,"column":22},"end":{"line":72,"column":null}},"25":{"start":{"line":73,"column":17},"end":{"line":73,"column":null}},"26":{"start":{"line":74,"column":22},"end":{"line":74,"column":null}},"27":{"start":{"line":75,"column":18},"end":{"line":75,"column":null}},"28":{"start":{"line":76,"column":22},"end":{"line":76,"column":null}},"29":{"start":{"line":77,"column":19},"end":{"line":77,"column":null}},"30":{"start":{"line":78,"column":20},"end":{"line":78,"column":null}},"31":{"start":{"line":79,"column":24},"end":{"line":79,"column":null}},"32":{"start":{"line":80,"column":19},"end":{"line":82,"column":null}},"33":{"start":{"line":81,"column":4},"end":{"line":81,"column":null}},"34":{"start":{"line":83,"column":8},"end":{"line":83,"column":null}},"35":{"start":{"line":84,"column":8},"end":{"line":84,"column":null}},"36":{"start":{"line":86,"column":21},"end":{"line":86,"column":null}},"37":{"start":{"line":86,"column":51},"end":{"line":86,"column":72}},"38":{"start":{"line":88,"column":2},"end":{"line":91,"column":null}},"39":{"start":{"line":89,"column":4},"end":{"line":89,"column":null}},"40":{"start":{"line":90,"column":4},"end":{"line":90,"column":null}},"41":{"start":{"line":93,"column":8},"end":{"line":98,"column":null}},"42":{"start":{"line":94,"column":4},"end":{"line":97,"column":null}},"43":{"start":{"line":95,"column":6},"end":{"line":95,"column":null}},"44":{"start":{"line":96,"column":6},"end":{"line":96,"column":null}},"45":{"start":{"line":100,"column":8},"end":{"line":107,"column":null}},"46":{"start":{"line":101,"column":4},"end":{"line":101,"column":null}},"47":{"start":{"line":102,"column":4},"end":{"line":106,"column":null}},"48":{"start":{"line":103,"column":6},"end":{"line":105,"column":null}},"49":{"start":{"line":104,"column":8},"end":{"line":104,"column":null}},"50":{"start":{"line":109,"column":8},"end":{"line":136,"column":null}},"51":{"start":{"line":110,"column":4},"end":{"line":110,"column":null}},"52":{"start":{"line":111,"column":4},"end":{"line":111,"column":null}},"53":{"start":{"line":112,"column":4},"end":{"line":112,"column":null}},"54":{"start":{"line":113,"column":4},"end":{"line":113,"column":null}},"55":{"start":{"line":114,"column":4},"end":{"line":114,"column":null}},"56":{"start":{"line":115,"column":4},"end":{"line":115,"column":null}},"57":{"start":{"line":116,"column":4},"end":{"line":116,"column":null}},"58":{"start":{"line":118,"column":4},"end":{"line":135,"column":null}},"59":{"start":{"line":119,"column":6},"end":{"line":128,"column":null}},"60":{"start":{"line":120,"column":8},"end":{"line":120,"column":null}},"61":{"start":{"line":120,"column":37},"end":{"line":120,"column":61}},"62":{"start":{"line":121,"column":20},"end":{"line":121,"column":null}},"63":{"start":{"line":122,"column":8},"end":{"line":122,"column":null}},"64":{"start":{"line":124,"column":20},"end":{"line":124,"column":null}},"65":{"start":{"line":125,"column":8},"end":{"line":125,"column":null}},"66":{"start":{"line":125,"column":21},"end":{"line":125,"column":null}},"67":{"start":{"line":126,"column":36},"end":{"line":126,"column":null}},"68":{"start":{"line":127,"column":8},"end":{"line":127,"column":null}},"69":{"start":{"line":129,"column":6},"end":{"line":129,"column":null}},"70":{"start":{"line":130,"column":6},"end":{"line":130,"column":null}},"71":{"start":{"line":132,"column":6},"end":{"line":132,"column":null}},"72":{"start":{"line":134,"column":6},"end":{"line":134,"column":null}},"73":{"start":{"line":138,"column":2},"end":{"line":140,"column":null}},"74":{"start":{"line":139,"column":4},"end":{"line":139,"column":null}},"75":{"start":{"line":142,"column":8},"end":{"line":147,"column":null}},"76":{"start":{"line":143,"column":4},"end":{"line":143,"column":null}},"77":{"start":{"line":144,"column":4},"end":{"line":144,"column":null}},"78":{"start":{"line":145,"column":4},"end":{"line":145,"column":null}},"79":{"start":{"line":146,"column":4},"end":{"line":146,"column":null}},"80":{"start":{"line":149,"column":21},"end":{"line":170,"column":null}},"81":{"start":{"line":150,"column":4},"end":{"line":150,"column":null}},"82":{"start":{"line":150,"column":18},"end":{"line":150,"column":null}},"83":{"start":{"line":151,"column":4},"end":{"line":151,"column":null}},"84":{"start":{"line":152,"column":4},"end":{"line":169,"column":null}},"85":{"start":{"line":153,"column":6},"end":{"line":159,"column":null}},"86":{"start":{"line":154,"column":8},"end":{"line":158,"column":null}},"87":{"start":{"line":160,"column":6},"end":{"line":160,"column":null}},"88":{"start":{"line":161,"column":33},"end":{"line":161,"column":null}},"89":{"start":{"line":162,"column":22},"end":{"line":162,"column":null}},"90":{"start":{"line":163,"column":6},"end":{"line":163,"column":null}},"91":{"start":{"line":164,"column":6},"end":{"line":164,"column":null}},"92":{"start":{"line":166,"column":6},"end":{"line":166,"column":null}},"93":{"start":{"line":168,"column":6},"end":{"line":168,"column":null}},"94":{"start":{"line":172,"column":8},"end":{"line":184,"column":null}},"95":{"start":{"line":173,"column":4},"end":{"line":173,"column":null}},"96":{"start":{"line":173,"column":18},"end":{"line":173,"column":null}},"97":{"start":{"line":174,"column":4},"end":{"line":183,"column":null}},"98":{"start":{"line":175,"column":22},"end":{"line":175,"column":null}},"99":{"start":{"line":175,"column":44},"end":{"line":175,"column":65}},"100":{"start":{"line":176,"column":6},"end":{"line":176,"column":null}},"101":{"start":{"line":177,"column":6},"end":{"line":177,"column":null}},"102":{"start":{"line":179,"column":35},"end":{"line":179,"column":null}},"103":{"start":{"line":180,"column":22},"end":{"line":180,"column":null}},"104":{"start":{"line":181,"column":6},"end":{"line":181,"column":null}},"105":{"start":{"line":182,"column":6},"end":{"line":182,"column":null}},"106":{"start":{"line":186,"column":8},"end":{"line":190,"column":null}},"107":{"start":{"line":187,"column":20},"end":{"line":187,"column":null}},"108":{"start":{"line":187,"column":42},"end":{"line":187,"column":55}},"109":{"start":{"line":188,"column":4},"end":{"line":188,"column":null}},"110":{"start":{"line":189,"column":4},"end":{"line":189,"column":null}},"111":{"start":{"line":192,"column":8},"end":{"line":194,"column":null}},"112":{"start":{"line":193,"column":4},"end":{"line":193,"column":null}},"113":{"start":{"line":196,"column":8},"end":{"line":200,"column":null}},"114":{"start":{"line":197,"column":4},"end":{"line":197,"column":null}},"115":{"start":{"line":198,"column":4},"end":{"line":198,"column":null}},"116":{"start":{"line":199,"column":4},"end":{"line":199,"column":null}},"117":{"start":{"line":202,"column":8},"end":{"line":205,"column":null}},"118":{"start":{"line":203,"column":4},"end":{"line":203,"column":null}},"119":{"start":{"line":204,"column":4},"end":{"line":204,"column":null}},"120":{"start":{"line":207,"column":2},"end":{"line":209,"column":null}},"121":{"start":{"line":208,"column":4},"end":{"line":208,"column":null}},"122":{"start":{"line":208,"column":17},"end":{"line":208,"column":null}},"123":{"start":{"line":211,"column":2},"end":{"line":345,"column":null}},"124":{"start":{"line":216,"column":62},"end":{"line":216,"column":86}},"125":{"start":{"line":226,"column":66},"end":{"line":226,"column":null}},"126":{"start":{"line":288,"column":103},"end":{"line":288,"column":123}},"127":{"start":{"line":289,"column":106},"end":{"line":289,"column":129}},"128":{"start":{"line":302,"column":74},"end":{"line":302,"column":null}},"129":{"start":{"line":312,"column":20},"end":{"line":315,"column":null}},"130":{"start":{"line":324,"column":76},"end":{"line":324,"column":null}},"131":{"start":{"line":334,"column":20},"end":{"line":337,"column":null}},"132":{"start":{"line":336,"column":72},"end":{"line":336,"column":104}}},"fnMap":{"0":{"name":"getRandomUrl","decl":{"start":{"line":31,"column":9},"end":{"line":31,"column":22}},"loc":{"start":{"line":31,"column":50},"end":{"line":38,"column":null}},"line":31},"1":{"name":"loadHistory","decl":{"start":{"line":43,"column":9},"end":{"line":43,"column":36}},"loc":{"start":{"line":43,"column":36},"end":{"line":48,"column":null}},"line":43},"2":{"name":"saveHistory","decl":{"start":{"line":50,"column":9},"end":{"line":50,"column":21}},"loc":{"start":{"line":50,"column":47},"end":{"line":52,"column":null}},"line":50},"3":{"name":"loadFavorites","decl":{"start":{"line":54,"column":9},"end":{"line":54,"column":41}},"loc":{"start":{"line":54,"column":41},"end":{"line":59,"column":null}},"line":54},"4":{"name":"saveFavorites","decl":{"start":{"line":61,"column":9},"end":{"line":61,"column":23}},"loc":{"start":{"line":61,"column":52},"end":{"line":63,"column":null}},"line":61},"5":{"name":"App","decl":{"start":{"line":67,"column":24},"end":{"line":67,"column":30}},"loc":{"start":{"line":67,"column":30},"end":{"line":347,"column":null}},"line":67},"6":{"name":"(anonymous_6)","decl":{"start":{"line":80,"column":34},"end":{"line":80,"column":58}},"loc":{"start":{"line":80,"column":58},"end":{"line":82,"column":3}},"line":80},"7":{"name":"(anonymous_7)","decl":{"start":{"line":86,"column":41},"end":{"line":86,"column":46}},"loc":{"start":{"line":86,"column":51},"end":{"line":86,"column":72}},"line":86},"8":{"name":"(anonymous_8)","decl":{"start":{"line":88,"column":2},"end":{"line":88,"column":18}},"loc":{"start":{"line":88,"column":18},"end":{"line":91,"column":5}},"line":88},"9":{"name":"(anonymous_9)","decl":{"start":{"line":93,"column":29},"end":{"line":93,"column":47}},"loc":{"start":{"line":93,"column":47},"end":{"line":98,"column":5}},"line":93},"10":{"name":"(anonymous_10)","decl":{"start":{"line":100,"column":29},"end":{"line":100,"column":47}},"loc":{"start":{"line":100,"column":47},"end":{"line":107,"column":5}},"line":100},"11":{"name":"(anonymous_11)","decl":{"start":{"line":102,"column":31},"end":{"line":102,"column":48}},"loc":{"start":{"line":102,"column":48},"end":{"line":106,"column":7}},"line":102},"12":{"name":"(anonymous_12)","decl":{"start":{"line":109,"column":35},"end":{"line":109,"column":47}},"loc":{"start":{"line":109,"column":47},"end":{"line":136,"column":5}},"line":109},"13":{"name":"(anonymous_13)","decl":{"start":{"line":120,"column":18},"end":{"line":120,"column":26}},"loc":{"start":{"line":120,"column":37},"end":{"line":120,"column":61}},"line":120},"14":{"name":"(anonymous_14)","decl":{"start":{"line":138,"column":2},"end":{"line":138,"column":18}},"loc":{"start":{"line":138,"column":18},"end":{"line":140,"column":5}},"line":138},"15":{"name":"(anonymous_15)","decl":{"start":{"line":142,"column":8},"end":{"line":142,"column":28}},"loc":{"start":{"line":142,"column":28},"end":{"line":147,"column":null}},"line":142},"16":{"name":"(anonymous_16)","decl":{"start":{"line":149,"column":21},"end":{"line":149,"column":28}},"loc":{"start":{"line":149,"column":57},"end":{"line":170,"column":null}},"line":149},"17":{"name":"(anonymous_17)","decl":{"start":{"line":172,"column":8},"end":{"line":172,"column":37}},"loc":{"start":{"line":172,"column":37},"end":{"line":184,"column":null}},"line":172},"18":{"name":"(anonymous_18)","decl":{"start":{"line":175,"column":32},"end":{"line":175,"column":39}},"loc":{"start":{"line":175,"column":44},"end":{"line":175,"column":65}},"line":175},"19":{"name":"(anonymous_19)","decl":{"start":{"line":186,"column":8},"end":{"line":186,"column":32}},"loc":{"start":{"line":186,"column":48},"end":{"line":190,"column":null}},"line":186},"20":{"name":"(anonymous_20)","decl":{"start":{"line":187,"column":30},"end":{"line":187,"column":37}},"loc":{"start":{"line":187,"column":42},"end":{"line":187,"column":55}},"line":187},"21":{"name":"(anonymous_21)","decl":{"start":{"line":192,"column":8},"end":{"line":192,"column":27}},"loc":{"start":{"line":192,"column":27},"end":{"line":194,"column":null}},"line":192},"22":{"name":"(anonymous_22)","decl":{"start":{"line":196,"column":8},"end":{"line":196,"column":33}},"loc":{"start":{"line":196,"column":33},"end":{"line":200,"column":null}},"line":196},"23":{"name":"(anonymous_23)","decl":{"start":{"line":202,"column":8},"end":{"line":202,"column":34}},"loc":{"start":{"line":202,"column":34},"end":{"line":205,"column":null}},"line":202},"24":{"name":"(anonymous_24)","decl":{"start":{"line":207,"column":2},"end":{"line":207,"column":18}},"loc":{"start":{"line":207,"column":18},"end":{"line":209,"column":5}},"line":207},"25":{"name":"(anonymous_25)","decl":{"start":{"line":208,"column":4},"end":{"line":208,"column":17}},"loc":{"start":{"line":208,"column":17},"end":{"line":208,"column":null}},"line":208},"26":{"name":"(anonymous_26)","decl":{"start":{"line":216,"column":47},"end":{"line":216,"column":62}},"loc":{"start":{"line":216,"column":62},"end":{"line":216,"column":86}},"line":216},"27":{"name":"(anonymous_27)","decl":{"start":{"line":226,"column":49},"end":{"line":226,"column":60}},"loc":{"start":{"line":226,"column":66},"end":{"line":226,"column":null}},"line":226},"28":{"name":"(anonymous_28)","decl":{"start":{"line":288,"column":88},"end":{"line":288,"column":103}},"loc":{"start":{"line":288,"column":103},"end":{"line":288,"column":123}},"line":288},"29":{"name":"(anonymous_29)","decl":{"start":{"line":289,"column":91},"end":{"line":289,"column":106}},"loc":{"start":{"line":289,"column":106},"end":{"line":289,"column":129}},"line":289},"30":{"name":"(anonymous_30)","decl":{"start":{"line":302,"column":59},"end":{"line":302,"column":74}},"loc":{"start":{"line":302,"column":74},"end":{"line":302,"column":null}},"line":302},"31":{"name":"(anonymous_31)","decl":{"start":{"line":311,"column":40},"end":{"line":311,"column":45}},"loc":{"start":{"line":312,"column":20},"end":{"line":315,"column":null}},"line":312},"32":{"name":"(anonymous_32)","decl":{"start":{"line":324,"column":61},"end":{"line":324,"column":76}},"loc":{"start":{"line":324,"column":76},"end":{"line":324,"column":null}},"line":324},"33":{"name":"(anonymous_33)","decl":{"start":{"line":333,"column":29},"end":{"line":333,"column":34}},"loc":{"start":{"line":334,"column":20},"end":{"line":337,"column":null}},"line":334},"34":{"name":"(anonymous_34)","decl":{"start":{"line":336,"column":57},"end":{"line":336,"column":72}},"loc":{"start":{"line":336,"column":72},"end":{"line":336,"column":104}},"line":336}},"branchMap":{"0":{"loc":{"start":{"line":32,"column":2},"end":{"line":35,"column":null}},"type":"if","locations":[{"start":{"line":32,"column":2},"end":{"line":35,"column":null}},{"start":{},"end":{}}],"line":32},"1":{"loc":{"start":{"line":46,"column":11},"end":{"line":46,"column":null}},"type":"cond-expr","locations":[{"start":{"line":46,"column":17},"end":{"line":46,"column":35}},{"start":{"line":46,"column":35},"end":{"line":46,"column":null}}],"line":46},"2":{"loc":{"start":{"line":57,"column":11},"end":{"line":57,"column":null}},"type":"cond-expr","locations":[{"start":{"line":57,"column":17},"end":{"line":57,"column":35}},{"start":{"line":57,"column":35},"end":{"line":57,"column":null}}],"line":57},"3":{"loc":{"start":{"line":86,"column":21},"end":{"line":86,"column":null}},"type":"cond-expr","locations":[{"start":{"line":86,"column":31},"end":{"line":86,"column":76}},{"start":{"line":86,"column":76},"end":{"line":86,"column":null}}],"line":86},"4":{"loc":{"start":{"line":90,"column":34},"end":{"line":90,"column":61}},"type":"cond-expr","locations":[{"start":{"line":90,"column":45},"end":{"line":90,"column":54}},{"start":{"line":90,"column":54},"end":{"line":90,"column":61}}],"line":90},"5":{"loc":{"start":{"line":94,"column":4},"end":{"line":97,"column":null}},"type":"if","locations":[{"start":{"line":94,"column":4},"end":{"line":97,"column":null}},{"start":{},"end":{}}],"line":94},"6":{"loc":{"start":{"line":103,"column":6},"end":{"line":105,"column":null}},"type":"if","locations":[{"start":{"line":103,"column":6},"end":{"line":105,"column":null}},{"start":{},"end":{}}],"line":103},"7":{"loc":{"start":{"line":119,"column":6},"end":{"line":128,"column":null}},"type":"if","locations":[{"start":{"line":119,"column":6},"end":{"line":128,"column":null}},{"start":{"line":123,"column":13},"end":{"line":128,"column":null}}],"line":119},"8":{"loc":{"start":{"line":125,"column":8},"end":{"line":125,"column":null}},"type":"if","locations":[{"start":{"line":125,"column":8},"end":{"line":125,"column":null}},{"start":{},"end":{}}],"line":125},"9":{"loc":{"start":{"line":132,"column":15},"end":{"line":132,"column":74}},"type":"cond-expr","locations":[{"start":{"line":132,"column":38},"end":{"line":132,"column":52}},{"start":{"line":132,"column":52},"end":{"line":132,"column":74}}],"line":132},"10":{"loc":{"start":{"line":150,"column":4},"end":{"line":150,"column":null}},"type":"if","locations":[{"start":{"line":150,"column":4},"end":{"line":150,"column":null}},{"start":{},"end":{}}],"line":150},"11":{"loc":{"start":{"line":153,"column":6},"end":{"line":159,"column":null}},"type":"if","locations":[{"start":{"line":153,"column":6},"end":{"line":159,"column":null}},{"start":{},"end":{}}],"line":153},"12":{"loc":{"start":{"line":173,"column":4},"end":{"line":173,"column":null}},"type":"if","locations":[{"start":{"line":173,"column":4},"end":{"line":173,"column":null}},{"start":{},"end":{}}],"line":173},"13":{"loc":{"start":{"line":174,"column":4},"end":{"line":183,"column":null}},"type":"if","locations":[{"start":{"line":174,"column":4},"end":{"line":183,"column":null}},{"start":{"line":178,"column":11},"end":{"line":183,"column":null}}],"line":174},"14":{"loc":{"start":{"line":217,"column":13},"end":{"line":217,"column":null}},"type":"cond-expr","locations":[{"start":{"line":217,"column":24},"end":{"line":217,"column":31}},{"start":{"line":217,"column":31},"end":{"line":217,"column":null}}],"line":217},"15":{"loc":{"start":{"line":235,"column":9},"end":{"line":238,"column":null}},"type":"binary-expr","locations":[{"start":{"line":235,"column":9},"end":{"line":235,"column":24}},{"start":{"line":235,"column":24},"end":{"line":235,"column":null}},{"start":{"line":236,"column":10},"end":{"line":238,"column":null}}],"line":235},"16":{"loc":{"start":{"line":241,"column":9},"end":{"line":245,"column":null}},"type":"binary-expr","locations":[{"start":{"line":241,"column":9},"end":{"line":241,"column":null}},{"start":{"line":242,"column":10},"end":{"line":245,"column":null}}],"line":241},"17":{"loc":{"start":{"line":248,"column":9},"end":{"line":252,"column":null}},"type":"binary-expr","locations":[{"start":{"line":248,"column":9},"end":{"line":248,"column":null}},{"start":{"line":249,"column":10},"end":{"line":252,"column":null}}],"line":248},"18":{"loc":{"start":{"line":255,"column":9},"end":{"line":269,"column":null}},"type":"binary-expr","locations":[{"start":{"line":255,"column":9},"end":{"line":255,"column":23}},{"start":{"line":255,"column":23},"end":{"line":255,"column":34}},{"start":{"line":255,"column":34},"end":{"line":255,"column":null}},{"start":{"line":256,"column":10},"end":{"line":269,"column":null}}],"line":255},"19":{"loc":{"start":{"line":258,"column":46},"end":{"line":258,"column":81}},"type":"binary-expr","locations":[{"start":{"line":258,"column":46},"end":{"line":258,"column":63}},{"start":{"line":258,"column":63},"end":{"line":258,"column":81}}],"line":258},"20":{"loc":{"start":{"line":272,"column":9},"end":{"line":277,"column":null}},"type":"binary-expr","locations":[{"start":{"line":272,"column":9},"end":{"line":272,"column":23}},{"start":{"line":272,"column":23},"end":{"line":272,"column":null}},{"start":{"line":273,"column":10},"end":{"line":277,"column":null}}],"line":272},"21":{"loc":{"start":{"line":281,"column":11},"end":{"line":297,"column":null}},"type":"cond-expr","locations":[{"start":{"line":282,"column":12},"end":{"line":286,"column":13}},{"start":{"line":286,"column":12},"end":{"line":297,"column":null}}],"line":281},"22":{"loc":{"start":{"line":281,"column":11},"end":{"line":281,"column":null}},"type":"binary-expr","locations":[{"start":{"line":281,"column":11},"end":{"line":281,"column":23}},{"start":{"line":281,"column":23},"end":{"line":281,"column":null}}],"line":281},"23":{"loc":{"start":{"line":283,"column":15},"end":{"line":283,"column":null}},"type":"cond-expr","locations":[{"start":{"line":283,"column":25},"end":{"line":283,"column":42}},{"start":{"line":283,"column":42},"end":{"line":283,"column":null}}],"line":283},"24":{"loc":{"start":{"line":288,"column":51},"end":{"line":288,"column":88}},"type":"cond-expr","locations":[{"start":{"line":288,"column":71},"end":{"line":288,"column":82}},{"start":{"line":288,"column":82},"end":{"line":288,"column":88}}],"line":288},"25":{"loc":{"start":{"line":288,"column":133},"end":{"line":288,"column":165}},"type":"binary-expr","locations":[{"start":{"line":288,"column":133},"end":{"line":288,"column":148}},{"start":{"line":288,"column":148},"end":{"line":288,"column":165}}],"line":288},"26":{"loc":{"start":{"line":289,"column":51},"end":{"line":289,"column":91}},"type":"cond-expr","locations":[{"start":{"line":289,"column":74},"end":{"line":289,"column":85}},{"start":{"line":289,"column":85},"end":{"line":289,"column":91}}],"line":289},"27":{"loc":{"start":{"line":289,"column":139},"end":{"line":289,"column":171}},"type":"binary-expr","locations":[{"start":{"line":289,"column":139},"end":{"line":289,"column":154}},{"start":{"line":289,"column":154},"end":{"line":289,"column":171}}],"line":289},"28":{"loc":{"start":{"line":291,"column":49},"end":{"line":291,"column":79}},"type":"cond-expr","locations":[{"start":{"line":291,"column":62},"end":{"line":291,"column":73}},{"start":{"line":291,"column":73},"end":{"line":291,"column":79}}],"line":291},"29":{"loc":{"start":{"line":292,"column":17},"end":{"line":292,"column":null}},"type":"cond-expr","locations":[{"start":{"line":292,"column":30},"end":{"line":292,"column":36}},{"start":{"line":292,"column":36},"end":{"line":292,"column":null}}],"line":292},"30":{"loc":{"start":{"line":295,"column":17},"end":{"line":295,"column":null}},"type":"cond-expr","locations":[{"start":{"line":295,"column":27},"end":{"line":295,"column":35}},{"start":{"line":295,"column":35},"end":{"line":295,"column":null}}],"line":295},"31":{"loc":{"start":{"line":303,"column":13},"end":{"line":303,"column":65}},"type":"cond-expr","locations":[{"start":{"line":303,"column":27},"end":{"line":303,"column":47}},{"start":{"line":303,"column":47},"end":{"line":303,"column":65}}],"line":303},"32":{"loc":{"start":{"line":305,"column":11},"end":{"line":321,"column":null}},"type":"binary-expr","locations":[{"start":{"line":305,"column":11},"end":{"line":305,"column":null}},{"start":{"line":306,"column":12},"end":{"line":321,"column":null}}],"line":305},"33":{"loc":{"start":{"line":307,"column":15},"end":{"line":317,"column":null}},"type":"cond-expr","locations":[{"start":{"line":308,"column":16},"end":{"line":310,"column":17}},{"start":{"line":310,"column":16},"end":{"line":317,"column":null}}],"line":307},"34":{"loc":{"start":{"line":313,"column":56},"end":{"line":313,"column":99}},"type":"cond-expr","locations":[{"start":{"line":313,"column":81},"end":{"line":313,"column":88}},{"start":{"line":313,"column":88},"end":{"line":313,"column":99}}],"line":313},"35":{"loc":{"start":{"line":325,"column":13},"end":{"line":325,"column":65}},"type":"cond-expr","locations":[{"start":{"line":325,"column":29},"end":{"line":325,"column":51}},{"start":{"line":325,"column":51},"end":{"line":325,"column":65}}],"line":325},"36":{"loc":{"start":{"line":327,"column":11},"end":{"line":343,"column":null}},"type":"binary-expr","locations":[{"start":{"line":327,"column":11},"end":{"line":327,"column":null}},{"start":{"line":328,"column":12},"end":{"line":343,"column":null}}],"line":327},"37":{"loc":{"start":{"line":329,"column":15},"end":{"line":339,"column":null}},"type":"cond-expr","locations":[{"start":{"line":330,"column":16},"end":{"line":332,"column":17}},{"start":{"line":332,"column":16},"end":{"line":339,"column":null}}],"line":329}},"s":{"0":3,"1":3,"2":3,"3":0,"4":0,"5":0,"6":0,"7":0,"8":3,"9":3,"10":12,"11":12,"12":12,"13":0,"14":1,"15":11,"16":11,"17":11,"18":0,"19":2,"20":34,"21":34,"22":34,"23":34,"24":34,"25":34,"26":34,"27":34,"28":34,"29":34,"30":34,"31":34,"32":34,"33":11,"34":34,"35":34,"36":34,"37":1,"38":34,"39":12,"40":12,"41":34,"42":22,"43":4,"44":4,"45":34,"46":4,"47":4,"48":0,"49":0,"50":34,"51":7,"52":7,"53":7,"54":7,"55":7,"56":7,"57":7,"58":7,"59":7,"60":0,"61":0,"62":0,"63":0,"64":7,"65":6,"66":2,"67":4,"68":4,"69":4,"70":4,"71":3,"72":7,"73":34,"74":13,"75":34,"76":0,"77":0,"78":0,"79":0,"80":34,"81":1,"82":0,"83":1,"84":1,"85":1,"86":1,"87":1,"88":1,"89":1,"90":1,"91":1,"92":0,"93":1,"94":34,"95":1,"96":0,"97":1,"98":0,"99":0,"100":0,"101":0,"102":1,"103":1,"104":1,"105":1,"106":34,"107":1,"108":1,"109":1,"110":1,"111":34,"112":0,"113":34,"114":0,"115":0,"116":0,"117":34,"118":0,"119":0,"120":34,"121":11,"122":11,"123":34,"124":1,"125":2,"126":1,"127":0,"128":2,"129":1,"130":1,"131":1,"132":1},"f":{"0":0,"1":12,"2":1,"3":11,"4":2,"5":34,"6":11,"7":1,"8":12,"9":22,"10":4,"11":0,"12":7,"13":0,"14":13,"15":0,"16":1,"17":1,"18":0,"19":1,"20":1,"21":0,"22":0,"23":0,"24":11,"25":11,"26":1,"27":2,"28":1,"29":0,"30":2,"31":1,"32":1,"33":1,"34":1},"b":{"0":[0,0],"1":[0,12],"2":[1,10],"3":[8,26],"4":[1,11],"5":[4,18],"6":[0,0],"7":[0,7],"8":[2,4],"9":[3,0],"10":[0,1],"11":[1,0],"12":[0,1],"13":[0,1],"14":[1,33],"15":[34,26,19],"16":[34,7],"17":[34,2],"18":[34,8,8,8],"19":[8,0],"20":[34,8,0],"21":[26,8],"22":[34,8],"23":[7,19],"24":[2,6],"25":[8,7],"26":[0,8],"27":[8,7],"28":[1,7],"29":[1,7],"30":[0,8],"31":[2,32],"32":[34,2],"33":[1,1],"34":[1,0],"35":[2,32],"36":[34,2],"37":[1,1]},"meta":{"lastBranch":38,"lastFunction":35,"lastStatement":133,"seen":{"s:21:17:21:Infinity":0,"s:22:18:22:Infinity":1,"s:24:62:29:Infinity":2,"f:31:9:31:22":0,"b:32:2:35:Infinity:undefined:undefined:undefined:undefined":0,"s:32:2:35:Infinity":3,"s:33:16:33:Infinity":4,"s:34:4:34:Infinity":5,"s:36:15:36:Infinity":6,"s:37:2:37:Infinity":7,"s:40:20:40:Infinity":8,"s:41:22:41:Infinity":9,"f:43:9:43:36":1,"s:44:2:47:Infinity":10,"s:45:16:45:Infinity":11,"s:46:4:46:Infinity":12,"b:46:17:46:35:46:35:46:Infinity":1,"s:47:12:47:23":13,"f:50:9:50:21":2,"s:51:2:51:Infinity":14,"f:54:9:54:41":3,"s:55:2:58:Infinity":15,"s:56:16:56:Infinity":16,"s:57:4:57:Infinity":17,"b:57:17:57:35:57:35:57:Infinity":2,"s:58:12:58:23":18,"f:61:9:61:23":4,"s:62:2:62:Infinity":19,"f:67:24:67:30":5,"s:68:18:68:Infinity":20,"s:69:18:69:Infinity":21,"s:70:16:70:Infinity":22,"s:71:21:71:Infinity":23,"s:72:22:72:Infinity":24,"s:73:17:73:Infinity":25,"s:74:22:74:Infinity":26,"s:75:18:75:Infinity":27,"s:76:22:76:Infinity":28,"s:77:19:77:Infinity":29,"s:78:20:78:Infinity":30,"s:79:24:79:Infinity":31,"s:80:19:82:Infinity":32,"f:80:34:80:58":6,"s:81:4:81:Infinity":33,"s:83:8:83:Infinity":34,"s:84:8:84:Infinity":35,"s:86:21:86:Infinity":36,"b:86:31:86:76:86:76:86:Infinity":3,"f:86:41:86:46":7,"s:86:51:86:72":37,"s:88:2:91:Infinity":38,"f:88:2:88:18":8,"s:89:4:89:Infinity":39,"s:90:4:90:Infinity":40,"b:90:45:90:54:90:54:90:61":4,"s:93:8:98:Infinity":41,"f:93:29:93:47":9,"b:94:4:97:Infinity:undefined:undefined:undefined:undefined":5,"s:94:4:97:Infinity":42,"s:95:6:95:Infinity":43,"s:96:6:96:Infinity":44,"s:100:8:107:Infinity":45,"f:100:29:100:47":10,"s:101:4:101:Infinity":46,"s:102:4:106:Infinity":47,"f:102:31:102:48":11,"b:103:6:105:Infinity:undefined:undefined:undefined:undefined":6,"s:103:6:105:Infinity":48,"s:104:8:104:Infinity":49,"s:109:8:136:Infinity":50,"f:109:35:109:47":12,"s:110:4:110:Infinity":51,"s:111:4:111:Infinity":52,"s:112:4:112:Infinity":53,"s:113:4:113:Infinity":54,"s:114:4:114:Infinity":55,"s:115:4:115:Infinity":56,"s:116:4:116:Infinity":57,"s:118:4:135:Infinity":58,"b:119:6:128:Infinity:123:13:128:Infinity":7,"s:119:6:128:Infinity":59,"s:120:8:120:Infinity":60,"f:120:18:120:26":13,"s:120:37:120:61":61,"s:121:20:121:Infinity":62,"s:122:8:122:Infinity":63,"s:124:20:124:Infinity":64,"b:125:8:125:Infinity:undefined:undefined:undefined:undefined":8,"s:125:8:125:Infinity":65,"s:125:21:125:Infinity":66,"s:126:36:126:Infinity":67,"s:127:8:127:Infinity":68,"s:129:6:129:Infinity":69,"s:130:6:130:Infinity":70,"s:132:6:132:Infinity":71,"b:132:38:132:52:132:52:132:74":9,"s:134:6:134:Infinity":72,"s:138:2:140:Infinity":73,"f:138:2:138:18":14,"s:139:4:139:Infinity":74,"s:142:8:147:Infinity":75,"f:142:8:142:28":15,"s:143:4:143:Infinity":76,"s:144:4:144:Infinity":77,"s:145:4:145:Infinity":78,"s:146:4:146:Infinity":79,"s:149:21:170:Infinity":80,"f:149:21:149:28":16,"b:150:4:150:Infinity:undefined:undefined:undefined:undefined":10,"s:150:4:150:Infinity":81,"s:150:18:150:Infinity":82,"s:151:4:151:Infinity":83,"s:152:4:169:Infinity":84,"b:153:6:159:Infinity:undefined:undefined:undefined:undefined":11,"s:153:6:159:Infinity":85,"s:154:8:158:Infinity":86,"s:160:6:160:Infinity":87,"s:161:33:161:Infinity":88,"s:162:22:162:Infinity":89,"s:163:6:163:Infinity":90,"s:164:6:164:Infinity":91,"s:166:6:166:Infinity":92,"s:168:6:168:Infinity":93,"s:172:8:184:Infinity":94,"f:172:8:172:37":17,"b:173:4:173:Infinity:undefined:undefined:undefined:undefined":12,"s:173:4:173:Infinity":95,"s:173:18:173:Infinity":96,"b:174:4:183:Infinity:178:11:183:Infinity":13,"s:174:4:183:Infinity":97,"s:175:22:175:Infinity":98,"f:175:32:175:39":18,"s:175:44:175:65":99,"s:176:6:176:Infinity":100,"s:177:6:177:Infinity":101,"s:179:35:179:Infinity":102,"s:180:22:180:Infinity":103,"s:181:6:181:Infinity":104,"s:182:6:182:Infinity":105,"s:186:8:190:Infinity":106,"f:186:8:186:32":19,"s:187:20:187:Infinity":107,"f:187:30:187:37":20,"s:187:42:187:55":108,"s:188:4:188:Infinity":109,"s:189:4:189:Infinity":110,"s:192:8:194:Infinity":111,"f:192:8:192:27":21,"s:193:4:193:Infinity":112,"s:196:8:200:Infinity":113,"f:196:8:196:33":22,"s:197:4:197:Infinity":114,"s:198:4:198:Infinity":115,"s:199:4:199:Infinity":116,"s:202:8:205:Infinity":117,"f:202:8:202:34":23,"s:203:4:203:Infinity":118,"s:204:4:204:Infinity":119,"s:207:2:209:Infinity":120,"f:207:2:207:18":24,"s:208:4:208:Infinity":121,"f:208:4:208:17":25,"s:208:17:208:Infinity":122,"s:211:2:345:Infinity":123,"f:216:47:216:62":26,"s:216:62:216:86":124,"b:217:24:217:31:217:31:217:Infinity":14,"f:226:49:226:60":27,"s:226:66:226:Infinity":125,"b:235:9:235:24:235:24:235:Infinity:236:10:238:Infinity":15,"b:241:9:241:Infinity:242:10:245:Infinity":16,"b:248:9:248:Infinity:249:10:252:Infinity":17,"b:255:9:255:23:255:23:255:34:255:34:255:Infinity:256:10:269:Infinity":18,"b:258:46:258:63:258:63:258:81":19,"b:272:9:272:23:272:23:272:Infinity:273:10:277:Infinity":20,"b:282:12:286:13:286:12:297:Infinity":21,"b:281:11:281:23:281:23:281:Infinity":22,"b:283:25:283:42:283:42:283:Infinity":23,"b:288:71:288:82:288:82:288:88":24,"f:288:88:288:103":28,"s:288:103:288:123":126,"b:288:133:288:148:288:148:288:165":25,"b:289:74:289:85:289:85:289:91":26,"f:289:91:289:106":29,"s:289:106:289:129":127,"b:289:139:289:154:289:154:289:171":27,"b:291:62:291:73:291:73:291:79":28,"b:292:30:292:36:292:36:292:Infinity":29,"b:295:27:295:35:295:35:295:Infinity":30,"f:302:59:302:74":30,"s:302:74:302:Infinity":128,"b:303:27:303:47:303:47:303:65":31,"b:305:11:305:Infinity:306:12:321:Infinity":32,"b:308:16:310:17:310:16:317:Infinity":33,"f:311:40:311:45":31,"s:312:20:315:Infinity":129,"b:313:81:313:88:313:88:313:99":34,"f:324:61:324:76":32,"s:324:76:324:Infinity":130,"b:325:29:325:51:325:51:325:65":35,"b:327:11:327:Infinity:328:12:343:Infinity":36,"b:330:16:332:17:332:16:339:Infinity":37,"f:333:29:333:34":33,"s:334:20:337:Infinity":131,"f:336:57:336:72":34,"s:336:72:336:104":132}}}
}
